<?xml version="1.0" encoding="UTF-8"?>
<!-- Generated by org.testng.reporters.JUnitReportReporter -->
<testsuite hostname="SSAMAJI-LTW7" name="test.inputform.CheckBoxTest" tests="1" failures="0" timestamp="25 Jun 2018 06:24:19 GMT" time="1.472" errors="0">
  <testcase name="verifyCheckBoxFun" time="1.472" classname="test.inputform.CheckBoxTest"/>
</testsuite> <!-- test.inputform.CheckBoxTest -->
