<?xml version="1.0" encoding="UTF-8"?>
<!-- Generated by org.testng.reporters.JUnitReportReporter -->
<testsuite hostname="SSAMAJI-LTW7" name="test.Test_Input_Form" tests="1" failures="0" timestamp="13 Jun 2018 08:46:18 GMT" time="4.288" errors="0">
  <testcase name="test_SimpleForm" time="4.288" classname="test.Test_Input_Form"/>
</testsuite> <!-- test.Test_Input_Form -->
