<?xml version="1.0" encoding="UTF-8"?>
<!-- Generated by org.testng.reporters.JUnitReportReporter -->
<testsuite hostname="SSAMAJI-LTW7" name="test.inputform.Test_Input_Form" tests="1" failures="0" timestamp="25 Jun 2018 06:24:19 GMT" time="3.652" errors="0">
  <testcase name="test_SimpleForm" time="3.652" classname="test.inputform.Test_Input_Form"/>
</testsuite> <!-- test.inputform.Test_Input_Form -->
